<?xml version="1.0" encoding="UTF-8"?>
<!-- Generated by org.testng.reporters.JUnitReportReporter -->
<testsuite skipped="0" hostname="DESKTOP-8FGI71S" name="addressbooktest.NewTest" tests="1" failures="0" timestamp="14 Oct 2018 05:15:59 GMT" time="1.785" errors="0">
  <testcase name="Addressbook" time="1.785" classname="addressbooktest.NewTest"/>
</testsuite> <!-- addressbooktest.NewTest -->
